-1682259241: THREAD 1 WAITING FOR MY TURN
-1682258736: THREAD 3 WAITING FOR MY TURN
-1682258301: THREAD 2 WAITING FOR MY TURN
-1682257773: THREAD 4 WAITING FOR MY TURN
-1682257354: THREAD 5 WAITING FOR MY TURN
-1682256971: THREAD 6 WAITING FOR MY TURN
-1682256591: THREAD 7 WAITING FOR MY TURN
-1682256239: THREAD 8 WAITING FOR MY TURN
-1682255859: THREAD 9 WAITING FOR MY TURN
-1682255476: THREAD 10 WAITING FOR MY TURN
-1682255102: THREAD 11 WAITING FOR MY TURN
-1682254716: THREAD 1 AWAKENED FOR WORK
-1682254338: THREAD 1 WRITE LOCK ACQUIRED
-1682253941: THREAD 1 INSERT,2500551319,Richard Garriot,40000
-1682253347: THREAD 1 WRITE LOCK RELEASED
-1682252957: THREAD 2 AWAKENED FOR WORK
-1682252630: THREAD 2 WRITE LOCK ACQUIRED
-1682252314: THREAD 2 INSERT,3449751099,Sid Meier,50000
-1682251869: THREAD 2 WRITE LOCK RELEASED
-1682251487: THREAD 3 AWAKENED FOR WORK
-1682251141: THREAD 3 WRITE LOCK ACQUIRED
-1682250822: THREAD 3 INSERT,1874280167,Shigeru Miyamoto,51000
-1682250417: THREAD 3 WRITE LOCK RELEASED
-1682250065: THREAD 4 AWAKENED FOR WORK
-1682249697: THREAD 4 WRITE LOCK ACQUIRED
-1682249325: THREAD 4 DELETE,3449751099,Sid Meier
-1682248879: THREAD 4 WRITE LOCK RELEASED
-1682248505: THREAD 5 AWAKENED FOR WORK
-1682248122: THREAD 5 WRITE LOCK ACQUIRED
-1682247770: THREAD 5 INSERT,2569965317,Hideo Kojima,45000
-1682247138: THREAD 5 WRITE LOCK RELEASED
-1682246658: THREAD 6 AWAKENED FOR WORK
-1682246122: THREAD 6 WRITE LOCK ACQUIRED
-1682245683: THREAD 6 INSERT,448054155,Gabe Newell,49000
-1682245149: THREAD 6 WRITE LOCK RELEASED
-1682244795: THREAD 7 AWAKENED FOR WORK
-1682244464: THREAD 7 WRITE LOCK ACQUIRED
-1682244137: THREAD 7 INSERT,909366975,Roberta Williams,45900
-1682243693: THREAD 7 WRITE LOCK RELEASED
-1682243298: THREAD 8 AWAKENED FOR WORK
-1682242933: THREAD 8 WRITE LOCK ACQUIRED
-1682242631: THREAD 8 DELETE,2500551319,Richard Garriot
-1682242250: THREAD 8 WRITE LOCK RELEASED
-1682241920: THREAD 9 AWAKENED FOR WORK
-1682241587: THREAD 9 WRITE LOCK ACQUIRED
-1682241273: THREAD 9 INSERT,660427450,Carol Shaw,41000
-1682240855: THREAD 9 WRITE LOCK RELEASED
-1682240501: THREAD 10 AWAKENED FOR WORK
-1682240182: THREAD 10 READ LOCK ACQUIRED
-1682239720: THREAD 10 SEARCH,3449751099,Sid Meier
-1682239395: THREAD 11 AWAKENED FOR WORK
-1682239086: THREAD 11 READ LOCK ACQUIRED
-1682238779: THREAD 11 PRINT
-1682238463: THREAD 10 READ LOCK RELEASED
-1682237512: THREAD 11 READ LOCK RELEASED
-1672198960: THREAD 1 WAITING FOR MY TURN
-1672198406: THREAD 3 WAITING FOR MY TURN
-1672197857: THREAD 4 WAITING FOR MY TURN
-1672197331: THREAD 2 WAITING FOR MY TURN
-1672196950: THREAD 5 WAITING FOR MY TURN
-1672196555: THREAD 6 WAITING FOR MY TURN
-1672196156: THREAD 7 WAITING FOR MY TURN
-1672195735: THREAD 8 WAITING FOR MY TURN
-1672195387: THREAD 9 WAITING FOR MY TURN
-1672195066: THREAD 10 WAITING FOR MY TURN
-1672194725: THREAD 11 WAITING FOR MY TURN
-1672194373: THREAD 1 AWAKENED FOR WORK
-1672193998: THREAD 1 WRITE LOCK ACQUIRED
-1672193681: THREAD 1 INSERT,2500551319,Richard Garriot,40000
-1672193239: THREAD 1 WRITE LOCK RELEASED
-1672192755: THREAD 2 AWAKENED FOR WORK
-1672192452: THREAD 2 WRITE LOCK ACQUIRED
-1672192160: THREAD 2 INSERT,3449751099,Sid Meier,50000
-1672191765: THREAD 2 WRITE LOCK RELEASED
-1672191422: THREAD 3 AWAKENED FOR WORK
-1672191093: THREAD 3 WRITE LOCK ACQUIRED
-1672190681: THREAD 3 INSERT,1874280167,Shigeru Miyamoto,51000
-1672190182: THREAD 3 WRITE LOCK RELEASED
-1672189814: THREAD 4 AWAKENED FOR WORK
-1672189398: THREAD 4 WRITE LOCK ACQUIRED
-1672189083: THREAD 4 DELETE,3449751099,Sid Meier
-1672188635: THREAD 4 WRITE LOCK RELEASED
-1672188299: THREAD 5 AWAKENED FOR WORK
-1672187914: THREAD 5 WRITE LOCK ACQUIRED
-1672187599: THREAD 5 INSERT,2569965317,Hideo Kojima,45000
-1672187097: THREAD 5 WRITE LOCK RELEASED
-1672186659: THREAD 6 AWAKENED FOR WORK
-1672186283: THREAD 6 WRITE LOCK ACQUIRED
-1672185999: THREAD 6 INSERT,448054155,Gabe Newell,49000
-1672185513: THREAD 6 WRITE LOCK RELEASED
-1672185103: THREAD 7 AWAKENED FOR WORK
-1672184691: THREAD 7 WRITE LOCK ACQUIRED
-1672184338: THREAD 7 INSERT,909366975,Roberta Williams,45900
-1672183903: THREAD 7 WRITE LOCK RELEASED
-1672183287: THREAD 8 AWAKENED FOR WORK
-1672182918: THREAD 8 WRITE LOCK ACQUIRED
-1672182075: THREAD 8 DELETE,2500551319,Richard Garriot
-1672181446: THREAD 8 WRITE LOCK RELEASED
-1672181101: THREAD 9 AWAKENED FOR WORK
-1672180798: THREAD 9 WRITE LOCK ACQUIRED
-1672180519: THREAD 9 INSERT,660427450,Carol Shaw,41000
-1672180163: THREAD 9 WRITE LOCK RELEASED
-1672179842: THREAD 11 AWAKENED FOR WORK
-1672179556: THREAD 11 READ LOCK ACQUIRED
-1672179252: THREAD 11 PRINT
-1672178819: THREAD 10 AWAKENED FOR WORK
-1672178405: THREAD 10 READ LOCK ACQUIRED
-1672178048: THREAD 10 SEARCH,3449751099,Sid Meier
-1672177565: THREAD 11 READ LOCK RELEASED
-1672177209: THREAD 10 READ LOCK RELEASED
-1116843175: THREAD 2 WAITING FOR MY TURN
-1116842442: THREAD 1 WAITING FOR MY TURN
-1116841873: THREAD 3 WAITING FOR MY TURN
-1116841299: THREAD 4 WAITING FOR MY TURN
-1116840408: THREAD 7 WAITING FOR MY TURN
-1116839898: THREAD 8 WAITING FOR MY TURN
-1116839476: THREAD 5 WAITING FOR MY TURN
-1116839082: THREAD 6 WAITING FOR MY TURN
-1116838609: THREAD 9 WAITING FOR MY TURN
-1116838154: THREAD 10 WAITING FOR MY TURN
-1116837692: THREAD 1 AWAKENED FOR WORK
-1116837250: THREAD 1 WRITE LOCK ACQUIRED
-1116836865: THREAD 1 INSERT,2500551319,Richard Garriot,40000
-1116836372: THREAD 1 WRITE LOCK RELEASED
-1116835844: THREAD 2 AWAKENED FOR WORK
-1116835379: THREAD 2 WRITE LOCK ACQUIRED
-1116835015: THREAD 2 INSERT,3449751099,Sid Meier,50000
-1116834503: THREAD 2 WRITE LOCK RELEASED
-1116834165: THREAD 3 AWAKENED FOR WORK
-1116833799: THREAD 3 WRITE LOCK ACQUIRED
-1116833376: THREAD 3 INSERT,1874280167,Shigeru Miyamoto,51000
-1116832959: THREAD 3 WRITE LOCK RELEASED
-1116832571: THREAD 4 AWAKENED FOR WORK
-1116832276: THREAD 4 WRITE LOCK ACQUIRED
-1116831916: THREAD 4 DELETE,3449751099,Sid Meier
-1116831498: THREAD 4 WRITE LOCK RELEASED
-1116831101: THREAD 5 AWAKENED FOR WORK
-1116830622: THREAD 5 WRITE LOCK ACQUIRED
-1116830082: THREAD 5 INSERT,2569965317,Hideo Kojima,45000
-1116829546: THREAD 5 WRITE LOCK RELEASED
-1116829127: THREAD 6 AWAKENED FOR WORK
-1116828777: THREAD 6 WRITE LOCK ACQUIRED
-1116828436: THREAD 6 INSERT,448054155,Gabe Newell,49000
-1116827928: THREAD 6 WRITE LOCK RELEASED
-1116827512: THREAD 7 AWAKENED FOR WORK
-1116827165: THREAD 7 WRITE LOCK ACQUIRED
-1116826850: THREAD 7 INSERT,909366975,Roberta Williams,45900
-1116826358: THREAD 7 WRITE LOCK RELEASED
-1116825960: THREAD 8 AWAKENED FOR WORK
-1116825634: THREAD 8 WRITE LOCK ACQUIRED
-1116825317: THREAD 8 DELETE,2500551319,Richard Garriot
-1116824794: THREAD 8 WRITE LOCK RELEASED
-1116824225: THREAD 9 AWAKENED FOR WORK
-1116823693: THREAD 9 WRITE LOCK ACQUIRED
-1116823230: THREAD 9 INSERT,660427450,Carol Shaw,41000
-1116822438: THREAD 9 WRITE LOCK RELEASED
-1116821970: THREAD 10 AWAKENED FOR WORK
-1116821570: THREAD 10 READ LOCK ACQUIRED
-1116821217: THREAD 10 SEARCH,3449751099,Sid Meier
-1116820697: THREAD 10 READ LOCK RELEASED
-1115077742: THREAD 4 WAITING FOR MY TURN
-1115077271: THREAD 3 WAITING FOR MY TURN
-1115076900: THREAD 2 WAITING FOR MY TURN
-1115076495: THREAD 5 WAITING FOR MY TURN
-1115076092: THREAD 6 WAITING FOR MY TURN
-1115075746: THREAD 1 WAITING FOR MY TURN
-1115075395: THREAD 7 WAITING FOR MY TURN
-1115075056: THREAD 8 WAITING FOR MY TURN
-1115074684: THREAD 9 WAITING FOR MY TURN
-1115074326: THREAD 10 WAITING FOR MY TURN
-1115073928: THREAD 1 AWAKENED FOR WORK
-1115073528: THREAD 1 WRITE LOCK ACQUIRED
-1115073156: THREAD 1 INSERT,2500551319,Richard Garriot,40000
-1115072670: THREAD 1 WRITE LOCK RELEASED
-1115072250: THREAD 2 AWAKENED FOR WORK
-1115071753: THREAD 2 WRITE LOCK ACQUIRED
-1115071419: THREAD 2 INSERT,3449751099,Sid Meier,50000
-1115070982: THREAD 2 WRITE LOCK RELEASED
-1115070633: THREAD 3 AWAKENED FOR WORK
-1115070306: THREAD 3 WRITE LOCK ACQUIRED
-1115070026: THREAD 3 INSERT,1874280167,Shigeru Miyamoto,51000
-1115069522: THREAD 3 WRITE LOCK RELEASED
-1115069186: THREAD 4 AWAKENED FOR WORK
-1115068898: THREAD 4 WRITE LOCK ACQUIRED
-1115068613: THREAD 4 DELETE,3449751099,Sid Meier
-1115068270: THREAD 4 WRITE LOCK RELEASED
-1115067889: THREAD 5 AWAKENED FOR WORK
-1115067169: THREAD 5 WRITE LOCK ACQUIRED
-1115066837: THREAD 5 INSERT,2569965317,Hideo Kojima,45000
-1115066310: THREAD 5 WRITE LOCK RELEASED
-1115065791: THREAD 6 AWAKENED FOR WORK
-1115065346: THREAD 6 WRITE LOCK ACQUIRED
-1115065021: THREAD 6 INSERT,448054155,Gabe Newell,49000
-1115064591: THREAD 6 WRITE LOCK RELEASED
-1115064234: THREAD 7 AWAKENED FOR WORK
-1115063878: THREAD 7 WRITE LOCK ACQUIRED
-1115063564: THREAD 7 INSERT,909366975,Roberta Williams,45900
-1115063152: THREAD 7 WRITE LOCK RELEASED
-1115062773: THREAD 8 AWAKENED FOR WORK
-1115062401: THREAD 8 WRITE LOCK ACQUIRED
-1115062081: THREAD 8 DELETE,2500551319,Richard Garriot
-1115061606: THREAD 8 WRITE LOCK RELEASED
-1115061193: THREAD 9 AWAKENED FOR WORK
-1115060860: THREAD 9 WRITE LOCK ACQUIRED
-1115060462: THREAD 9 INSERT,660427450,Carol Shaw,41000
-1115059046: THREAD 9 WRITE LOCK RELEASED
-1115056556: THREAD 10 AWAKENED FOR WORK
-1115055776: THREAD 10 READ LOCK ACQUIRED
-1115055003: THREAD 10 SEARCH,3449751099,Sid Meier
-1115054404: THREAD 10 READ LOCK RELEASED
-1114275745: THREAD 1 WAITING FOR MY TURN
-1114275026: THREAD 3 WAITING FOR MY TURN
-1114273733: THREAD 4 WAITING FOR MY TURN
-1114272587: THREAD 2 WAITING FOR MY TURN
-1114272135: THREAD 5 WAITING FOR MY TURN
-1114271731: THREAD 6 WAITING FOR MY TURN
-1114271320: THREAD 7 WAITING FOR MY TURN
-1114270942: THREAD 8 WAITING FOR MY TURN
-1114270421: THREAD 9 WAITING FOR MY TURN
-1114269925: THREAD 10 WAITING FOR MY TURN
-1114269425: THREAD 1 AWAKENED FOR WORK
-1114268897: THREAD 1 WRITE LOCK ACQUIRED
-1114268372: THREAD 1 INSERT,2500551319,Richard Garriot,40000
-1114267328: THREAD 1 WRITE LOCK RELEASED
-1114266412: THREAD 2 AWAKENED FOR WORK
-1114265885: THREAD 2 WRITE LOCK ACQUIRED
-1114265368: THREAD 2 INSERT,3449751099,Sid Meier,50000
-1114264799: THREAD 2 WRITE LOCK RELEASED
-1114264409: THREAD 3 AWAKENED FOR WORK
-1114264000: THREAD 3 WRITE LOCK ACQUIRED
-1114263652: THREAD 3 INSERT,1874280167,Shigeru Miyamoto,51000
-1114263125: THREAD 3 WRITE LOCK RELEASED
-1114262569: THREAD 4 AWAKENED FOR WORK
-1114260922: THREAD 4 WRITE LOCK ACQUIRED
-1114259780: THREAD 4 DELETE,3449751099,Sid Meier
-1114258602: THREAD 4 WRITE LOCK RELEASED
-1114257882: THREAD 5 AWAKENED FOR WORK
-1114257307: THREAD 5 WRITE LOCK ACQUIRED
-1114256856: THREAD 5 INSERT,2569965317,Hideo Kojima,45000
-1114256042: THREAD 5 WRITE LOCK RELEASED
-1114255471: THREAD 6 AWAKENED FOR WORK
-1114254923: THREAD 6 WRITE LOCK ACQUIRED
-1114254564: THREAD 6 INSERT,448054155,Gabe Newell,49000
-1114253943: THREAD 6 WRITE LOCK RELEASED
-1114253229: THREAD 7 AWAKENED FOR WORK
-1114252505: THREAD 7 WRITE LOCK ACQUIRED
-1114252024: THREAD 7 INSERT,909366975,Roberta Williams,45900
-1114251417: THREAD 7 WRITE LOCK RELEASED
-1114250891: THREAD 8 AWAKENED FOR WORK
-1114250392: THREAD 8 WRITE LOCK ACQUIRED
-1114250022: THREAD 8 DELETE,2500551319,Richard Garriot
-1114249450: THREAD 8 WRITE LOCK RELEASED
-1114249074: THREAD 9 AWAKENED FOR WORK
-1114248757: THREAD 9 WRITE LOCK ACQUIRED
-1114248433: THREAD 9 INSERT,660427450,Carol Shaw,41000
-1114248037: THREAD 9 WRITE LOCK RELEASED
-1114247548: THREAD 10 AWAKENED FOR WORK
-1114246975: THREAD 10 READ LOCK ACQUIRED
-1114246622: THREAD 10 SEARCH,3449751099,Sid Meier
-1114245982: THREAD 10 READ LOCK RELEASED
-1113514407: THREAD 3 WAITING FOR MY TURN
-1113513895: THREAD 1 WAITING FOR MY TURN
-1113513507: THREAD 4 WAITING FOR MY TURN
-1113513157: THREAD 5 WAITING FOR MY TURN
-1113512768: THREAD 6 WAITING FOR MY TURN
-1113512426: THREAD 2 WAITING FOR MY TURN
-1113512075: THREAD 7 WAITING FOR MY TURN
-1113511597: THREAD 8 WAITING FOR MY TURN
-1113510381: THREAD 9 WAITING FOR MY TURN
-1113509976: THREAD 10 WAITING FOR MY TURN
-1113509587: THREAD 1 AWAKENED FOR WORK
-1113509174: THREAD 1 WRITE LOCK ACQUIRED
-1113508857: THREAD 1 INSERT,2500551319,Richard Garriot,40000
-1113508406: THREAD 1 WRITE LOCK RELEASED
-1113508025: THREAD 2 AWAKENED FOR WORK
-1113507676: THREAD 2 WRITE LOCK ACQUIRED
-1113507353: THREAD 2 INSERT,3449751099,Sid Meier,50000
-1113506975: THREAD 2 WRITE LOCK RELEASED
-1113506625: THREAD 3 AWAKENED FOR WORK
-1113506298: THREAD 3 WRITE LOCK ACQUIRED
-1113505995: THREAD 3 INSERT,1874280167,Shigeru Miyamoto,51000
-1113505501: THREAD 3 WRITE LOCK RELEASED
-1113505142: THREAD 5 AWAKENED FOR WORK
-1113504842: THREAD 5 WRITE LOCK ACQUIRED
-1113504451: THREAD 5 INSERT,2569965317,Hideo Kojima,45000
-1113503992: THREAD 5 WRITE LOCK RELEASED
-1113503611: THREAD 4 AWAKENED FOR WORK
-1113503180: THREAD 4 WRITE LOCK ACQUIRED
-1113502708: THREAD 4 DELETE,3449751099,Sid Meier
-1113502089: THREAD 4 WRITE LOCK RELEASED
-1113501713: THREAD 6 AWAKENED FOR WORK
-1113501347: THREAD 6 WRITE LOCK ACQUIRED
-1113501005: THREAD 6 INSERT,448054155,Gabe Newell,49000
-1113500491: THREAD 6 WRITE LOCK RELEASED
-1113500118: THREAD 7 AWAKENED FOR WORK
-1113499808: THREAD 7 WRITE LOCK ACQUIRED
-1113499468: THREAD 7 INSERT,909366975,Roberta Williams,45900
-1113499049: THREAD 7 WRITE LOCK RELEASED
-1113498650: THREAD 8 AWAKENED FOR WORK
-1113498203: THREAD 8 WRITE LOCK ACQUIRED
-1113497636: THREAD 8 DELETE,2500551319,Richard Garriot
-1113496210: THREAD 8 WRITE LOCK RELEASED
-1113494741: THREAD 9 AWAKENED FOR WORK
-1113494095: THREAD 9 WRITE LOCK ACQUIRED
-1113493654: THREAD 9 INSERT,660427450,Carol Shaw,41000
-1113493006: THREAD 9 WRITE LOCK RELEASED
-1113492585: THREAD 10 AWAKENED FOR WORK
-1113492220: THREAD 10 READ LOCK ACQUIRED
-1113491843: THREAD 10 SEARCH,3449751099,Sid Meier
-1113491345: THREAD 10 READ LOCK RELEASED
-1011695802: THREAD 1 WAITING FOR MY TURN
-1011695313: THREAD 4 WAITING FOR MY TURN
-1011694932: THREAD 5 WAITING FOR MY TURN
-1011694591: THREAD 3 WAITING FOR MY TURN
-1011694274: THREAD 6 WAITING FOR MY TURN
-1011693945: THREAD 7 WAITING FOR MY TURN
-1011693544: THREAD 2 WAITING FOR MY TURN
-1011693156: THREAD 8 WAITING FOR MY TURN
-1011692730: THREAD 9 WAITING FOR MY TURN
-1011692386: THREAD 10 WAITING FOR MY TURN
-1011691965: THREAD 1 AWAKENED FOR WORK
-1011691661: THREAD 1 WRITE LOCK ACQUIRED
-1011691352: THREAD 1 INSERT,2500551319,Richard Garriot,40000
-1011690808: THREAD 1 WRITE LOCK RELEASED
-1011690409: THREAD 2 AWAKENED FOR WORK
-1011690036: THREAD 2 WRITE LOCK ACQUIRED
-1011689721: THREAD 2 INSERT,3449751099,Sid Meier,50000
-1011689306: THREAD 2 WRITE LOCK RELEASED
-1011688951: THREAD 3 AWAKENED FOR WORK
-1011688624: THREAD 3 WRITE LOCK ACQUIRED
-1011688278: THREAD 3 INSERT,1874280167,Shigeru Miyamoto,51000
-1011687851: THREAD 3 WRITE LOCK RELEASED
-1011687523: THREAD 4 AWAKENED FOR WORK
-1011687184: THREAD 4 WRITE LOCK ACQUIRED
-1011686865: THREAD 4 DELETE,3449751099,Sid Meier
-1011686442: THREAD 4 WRITE LOCK RELEASED
-1011686035: THREAD 5 AWAKENED FOR WORK
-1011685428: THREAD 5 WRITE LOCK ACQUIRED
-1011684623: THREAD 5 INSERT,2569965317,Hideo Kojima,45000
-1011683868: THREAD 5 WRITE LOCK RELEASED
-1011683248: THREAD 6 AWAKENED FOR WORK
-1011682777: THREAD 6 WRITE LOCK ACQUIRED
-1011682349: THREAD 6 INSERT,448054155,Gabe Newell,49000
-1011681644: THREAD 6 WRITE LOCK RELEASED
-1011681219: THREAD 7 AWAKENED FOR WORK
-1011680860: THREAD 7 WRITE LOCK ACQUIRED
-1011680536: THREAD 7 INSERT,909366975,Roberta Williams,45900
-1011679905: THREAD 7 WRITE LOCK RELEASED
-1011679265: THREAD 8 AWAKENED FOR WORK
-1011678878: THREAD 8 WRITE LOCK ACQUIRED
-1011678586: THREAD 8 DELETE,2500551319,Richard Garriot
-1011677988: THREAD 8 WRITE LOCK RELEASED
-1011677550: THREAD 9 AWAKENED FOR WORK
-1011677248: THREAD 9 WRITE LOCK ACQUIRED
-1011676957: THREAD 9 INSERT,660427450,Carol Shaw,41000
-1011676557: THREAD 9 WRITE LOCK RELEASED
-1011676194: THREAD 10 AWAKENED FOR WORK
-1011675899: THREAD 10 READ LOCK ACQUIRED
-1011675625: THREAD 10 SEARCH,3449751099,Sid Meier
-1011675216: THREAD 10 READ LOCK RELEASED
-991942010: THREAD 1 WAITING FOR MY TURN
-991941498: THREAD 3 WAITING FOR MY TURN
-991941144: THREAD 2 WAITING FOR MY TURN
-991940755: THREAD 4 WAITING FOR MY TURN
-991940426: THREAD 5 WAITING FOR MY TURN
-991940063: THREAD 6 WAITING FOR MY TURN
-991939738: THREAD 7 WAITING FOR MY TURN
-991939396: THREAD 8 WAITING FOR MY TURN
-991939009: THREAD 9 WAITING FOR MY TURN
-991938652: THREAD 10 WAITING FOR MY TURN
-991938339: THREAD 1 AWAKENED FOR WORK
-991938036: THREAD 1 WRITE LOCK ACQUIRED
-991937734: THREAD 1 INSERT,2500551319,Richard Garriot,40000
-991937272: THREAD 1 WRITE LOCK RELEASED
-991936928: THREAD 2 AWAKENED FOR WORK
-991936602: THREAD 2 WRITE LOCK ACQUIRED
-991936303: THREAD 2 INSERT,3449751099,Sid Meier,50000
-991935903: THREAD 2 WRITE LOCK RELEASED
-991935564: THREAD 3 AWAKENED FOR WORK
-991935250: THREAD 3 WRITE LOCK ACQUIRED
-991934838: THREAD 3 INSERT,1874280167,Shigeru Miyamoto,51000
-991931350: THREAD 3 WRITE LOCK RELEASED
-991930709: THREAD 4 AWAKENED FOR WORK
-991930242: THREAD 4 WRITE LOCK ACQUIRED
-991929863: THREAD 4 DELETE,3449751099,Sid Meier
-991929325: THREAD 4 WRITE LOCK RELEASED
-991928852: THREAD 5 AWAKENED FOR WORK
-991928128: THREAD 5 WRITE LOCK ACQUIRED
-991927668: THREAD 5 INSERT,2569965317,Hideo Kojima,45000
-991926996: THREAD 5 WRITE LOCK RELEASED
-991926462: THREAD 6 AWAKENED FOR WORK
-991926084: THREAD 6 WRITE LOCK ACQUIRED
-991925778: THREAD 6 INSERT,448054155,Gabe Newell,49000
-991925286: THREAD 6 WRITE LOCK RELEASED
-991924956: THREAD 7 AWAKENED FOR WORK
-991924631: THREAD 7 WRITE LOCK ACQUIRED
-991924319: THREAD 7 INSERT,909366975,Roberta Williams,45900
-991923898: THREAD 7 WRITE LOCK RELEASED
-991923428: THREAD 8 AWAKENED FOR WORK
-991923088: THREAD 8 WRITE LOCK ACQUIRED
-991922776: THREAD 8 DELETE,2500551319,Richard Garriot
-991922372: THREAD 8 WRITE LOCK RELEASED
-991922035: THREAD 9 AWAKENED FOR WORK
-991921725: THREAD 9 WRITE LOCK ACQUIRED
-991921307: THREAD 9 INSERT,660427450,Carol Shaw,41000
-991920146: THREAD 9 WRITE LOCK RELEASED
-991918336: THREAD 10 AWAKENED FOR WORK
-991917694: THREAD 10 READ LOCK ACQUIRED
-991917297: THREAD 10 SEARCH,3449751099,Sid Meier
-991916636: THREAD 10 READ LOCK RELEASED
